Using pre-set license
Built from '2020.3/staging' branch; Version is '2020.3.33f1 (915a7af8b0d5) revision 9525882'; Using compiler version '192528614'; Build Type 'Release'
OS: 'Windows 10  (10.0.19042) 64bit Professional' Language: 'ru' Physical Memory: 12226 MB
BatchMode: 1, IsHumanControllingUs: 0, StartBugReporterOnCrash: 0, Is64bit: 1, IsPro: 0

COMMAND LINE ARGUMENTS:
C:\Program Files\Unity\Hub\Editor\Unity 2020.3.33f1\Editor\Unity.exe
-adb2
-batchMode
-noUpm
-name
AssetImportWorker0
-projectPath
D:/Github/Diplom/Work
-logFile
Logs/AssetImportWorker0.log
-srvPort
61677
Successfully changed project path to: D:/Github/Diplom/Work
D:/Github/Diplom/Work
Using Asset Import Pipeline V2.
Refreshing native plugins compatible for Editor in 115.70 ms, found 2 plugins.
Preloading 0 native plugins for Editor in 0.00 ms.
Initialize engine version: 2020.3.33f1 (915a7af8b0d5)
[Subsystems] Discovering subsystems at path C:/Program Files/Unity/Hub/Editor/Unity 2020.3.33f1/Editor/Data/Resources/UnitySubsystems
[Subsystems] Discovering subsystems at path D:/Github/Diplom/Work/Assets
GfxDevice: creating device client; threaded=0
Direct3D:
    Version:  Direct3D 11.0 [level 11.0]
    Renderer: NVIDIA GeForce GTX 750 (ID=0x1381)
    Vendor:   
    VRAM:     2007 MB
    Driver:   30.0.14.7196
Shader 'Custom/AdditiveTintable': fallback shader 'Particles/Additive (Soft)' not found
Initialize mono
Mono path[0] = 'C:/Program Files/Unity/Hub/Editor/Unity 2020.3.33f1/Editor/Data/Managed'
Mono path[1] = 'C:/Program Files/Unity/Hub/Editor/Unity 2020.3.33f1/Editor/Data/MonoBleedingEdge/lib/mono/unityjit'
Mono config path = 'C:/Program Files/Unity/Hub/Editor/Unity 2020.3.33f1/Editor/Data/MonoBleedingEdge/etc'
Using monoOptions --debugger-agent=transport=dt_socket,embedding=1,server=y,suspend=n,address=127.0.0.1:56684
Begin MonoManager ReloadAssembly
Registering precompiled unity dll's ...
Register platform support module: C:/Program Files/Unity/Hub/Editor/Unity 2020.3.33f1/Editor/Data/PlaybackEngines/WindowsStandaloneSupport/UnityEditor.WindowsStandalone.Extensions.dll
Registered in 0.002458 seconds.
Native extension for WindowsStandalone target not found
Refreshing native plugins compatible for Editor in 118.62 ms, found 2 plugins.
Preloading 0 native plugins for Editor in 0.00 ms.
Mono: successfully reloaded assembly
- Completed reload, in  0.861 seconds
Domain Reload Profiling:
	ReloadAssembly (861ms)
		BeginReloadAssembly (159ms)
			ExecutionOrderSort (0ms)
			DisableScriptedObjects (0ms)
			BackupInstance (0ms)
			ReleaseScriptingObjects (0ms)
			CreateAndSetChildDomain (1ms)
		EndReloadAssembly (610ms)
			LoadAssemblies (156ms)
			RebuildTransferFunctionScriptingTraits (0ms)
			SetupTypeCache (179ms)
			ReleaseScriptCaches (0ms)
			RebuildScriptCaches (34ms)
			SetupLoadedEditorAssemblies (280ms)
				LogAssemblyErrors (0ms)
				InitializePlatformSupportModulesInManaged (5ms)
				SetLoadedEditorAssemblies (0ms)
				RefreshPlugins (119ms)
				BeforeProcessingInitializeOnLoad (9ms)
				ProcessInitializeOnLoadAttributes (111ms)
				ProcessInitializeOnLoadMethodAttributes (35ms)
				AfterProcessingInitializeOnLoad (0ms)
				EditorAssembliesLoaded (0ms)
			ExecutionOrderSort2 (0ms)
			AwakeInstancesAfterBackupRestoration (0ms)
Platform modules already initialized, skipping
Registering precompiled user dll's ...
Registered in 0.005571 seconds.
Begin MonoManager ReloadAssembly
Native extension for WindowsStandalone target not found
Refreshing native plugins compatible for Editor in 114.70 ms, found 2 plugins.
Preloading 0 native plugins for Editor in 0.00 ms.
Mono: successfully reloaded assembly
- Completed reload, in  1.676 seconds
Domain Reload Profiling:
	ReloadAssembly (1678ms)
		BeginReloadAssembly (248ms)
			ExecutionOrderSort (0ms)
			DisableScriptedObjects (7ms)
			BackupInstance (0ms)
			ReleaseScriptingObjects (0ms)
			CreateAndSetChildDomain (25ms)
		EndReloadAssembly (1351ms)
			LoadAssemblies (141ms)
			RebuildTransferFunctionScriptingTraits (0ms)
			SetupTypeCache (438ms)
			ReleaseScriptCaches (1ms)
			RebuildScriptCaches (67ms)
			SetupLoadedEditorAssemblies (588ms)
				LogAssemblyErrors (0ms)
				InitializePlatformSupportModulesInManaged (4ms)
				SetLoadedEditorAssemblies (0ms)
				RefreshPlugins (115ms)
				BeforeProcessingInitializeOnLoad (116ms)
				ProcessInitializeOnLoadAttributes (333ms)
				ProcessInitializeOnLoadMethodAttributes (10ms)
				AfterProcessingInitializeOnLoad (9ms)
				EditorAssembliesLoaded (0ms)
			ExecutionOrderSort2 (0ms)
			AwakeInstancesAfterBackupRestoration (7ms)
Platform modules already initialized, skipping
========================================================================
Worker process is ready to serve import requests
Shader 'Custom/AdditiveTintable': fallback shader 'Particles/Additive (Soft)' not found
Launched and connected shader compiler UnityShaderCompiler.exe after 0.13 seconds
Refreshing native plugins compatible for Editor in 1.15 ms, found 2 plugins.
Preloading 0 native plugins for Editor in 0.00 ms.
Unloading 3889 Unused Serialized files (Serialized files now loaded: 0)
System memory in use before: 205.0 MB.
System memory in use after: 205.2 MB.

Unloading 26 unused Assets to reduce memory usage. Loaded Objects now: 4364.
Total: 5.622500 ms (FindLiveObjects: 0.358300 ms CreateObjectMapping: 0.292900 ms MarkObjects: 4.792800 ms  DeleteObjects: 0.176800 ms)

AssetImportParameters requested are different than current active one (requested -> active):
  custom:framework-win-MediaFoundation: 216162199b28c13a410421893ffa2e32 -> 
  custom:video-decoder-ogg-theora: a1e56fd34408186e4bbccfd4996cb3dc -> 
  custom:container-muxer-webm: aa71ff27fc2769a1b78a27578f13a17b -> 
  custom:container-demuxer-webm: 4f35f7cbe854078d1ac9338744f61a02 -> 
  custom:container-demuxer-ogg: 62fdf1f143b41e24485cea50d1cbac27 -> 
  custom:video-encoder-webm-vp8: eb34c28f22e8b96e1ab97ce403110664 -> 
  custom:video-decoder-webm-vp8: 9c59270c3fd7afecdb556c50c9e8de78 -> 
  custom:audio-decoder-ogg-vorbis: bf7c407c2cedff20999df2af8eb42d56 -> 
  custom:audio-encoder-webm-vorbis: bf7c407c2cedff20999df2af8eb42d56 -> 
========================================================================
Received Import Request.
  path: Assets/Prefabs/sourceMarket6/texturesMarket6/food_stll_fruits_Normal.png
  artifactKey: Guid(bcd5bfb144453dc4eb9ae828d8bd7457) Importer(815301076,1909f56bfc062723c751e8b465ee728b)
Start importing Assets/Prefabs/sourceMarket6/texturesMarket6/food_stll_fruits_Normal.png using Guid(bcd5bfb144453dc4eb9ae828d8bd7457) Importer(815301076,1909f56bfc062723c751e8b465ee728b)  -> (artifact id: '19318146adec75384c5a5c666f86f454') in 0.310846 seconds 
========================================================================
Received Import Request.
  Time since last request: 0.000363 seconds.
  path: Assets/Prefabs/sourceMarket6/Materials/table.mat
  artifactKey: Guid(a12523c6a784e40429fce3ad2b199827) Importer(815301076,1909f56bfc062723c751e8b465ee728b)
Start importing Assets/Prefabs/sourceMarket6/Materials/table.mat using Guid(a12523c6a784e40429fce3ad2b199827) Importer(815301076,1909f56bfc062723c751e8b465ee728b)  -> (artifact id: '139e4f0e6a7d5384ad66750bc6f79d1d') in 0.192820 seconds 
========================================================================
Received Import Request.
  Time since last request: 0.000287 seconds.
  path: Assets/Prefabs/sourceMarket6/texturesMarket6/food_stll_ground_Normal.png
  artifactKey: Guid(0ba8ae9a8a8310c4db86df35a6805bd6) Importer(815301076,1909f56bfc062723c751e8b465ee728b)
Start importing Assets/Prefabs/sourceMarket6/texturesMarket6/food_stll_ground_Normal.png using Guid(0ba8ae9a8a8310c4db86df35a6805bd6) Importer(815301076,1909f56bfc062723c751e8b465ee728b)  -> (artifact id: 'd30129e4266a8545ca9b80a292ab7d91') in 0.043349 seconds 
========================================================================
Received Import Request.
  Time since last request: 0.000290 seconds.
  path: Assets/Prefabs/sourceMarket6/Materials/fruits.mat
  artifactKey: Guid(920205cd308051e4c9279ddb1bb1ecc7) Importer(815301076,1909f56bfc062723c751e8b465ee728b)
Start importing Assets/Prefabs/sourceMarket6/Materials/fruits.mat using Guid(920205cd308051e4c9279ddb1bb1ecc7) Importer(815301076,1909f56bfc062723c751e8b465ee728b)  -> (artifact id: '90df7c81e639b2b3881b40683073b2b2') in 0.040279 seconds 
========================================================================
Received Import Request.
  Time since last request: 0.000259 seconds.
  path: Assets/Prefabs/sourceMarket6/texturesMarket6/food_stll_basket_Normal.png
  artifactKey: Guid(d5765d50910c6be4e84851091ecdfc0f) Importer(815301076,1909f56bfc062723c751e8b465ee728b)
Start importing Assets/Prefabs/sourceMarket6/texturesMarket6/food_stll_basket_Normal.png using Guid(d5765d50910c6be4e84851091ecdfc0f) Importer(815301076,1909f56bfc062723c751e8b465ee728b)  -> (artifact id: 'd673152b37e4a68229464da49dfa8104') in 0.048507 seconds 
========================================================================
Received Import Request.
  Time since last request: 0.000249 seconds.
  path: Assets/Prefabs/sourceMarket6/texturesMarket6/FISH_normal_map.png
  artifactKey: Guid(5740462370a35b7409189c27a4da1f29) Importer(815301076,1909f56bfc062723c751e8b465ee728b)
Start importing Assets/Prefabs/sourceMarket6/texturesMarket6/FISH_normal_map.png using Guid(5740462370a35b7409189c27a4da1f29) Importer(815301076,1909f56bfc062723c751e8b465ee728b)  -> (artifact id: '45d1595f576f2837a0078cdcb45fa1cd') in 0.028730 seconds 
========================================================================
Received Import Request.
  Time since last request: 0.000432 seconds.
  path: Assets/Prefabs/sourceMarket6/Materials/basket.mat
  artifactKey: Guid(03eaf08d6bbb9d84e9e5ae83c201e132) Importer(815301076,1909f56bfc062723c751e8b465ee728b)
Start importing Assets/Prefabs/sourceMarket6/Materials/basket.mat using Guid(03eaf08d6bbb9d84e9e5ae83c201e132) Importer(815301076,1909f56bfc062723c751e8b465ee728b)  -> (artifact id: '1456326d62967c61c38399e352966f5a') in 0.053124 seconds 
========================================================================
Received Import Request.
  Time since last request: 0.000273 seconds.
  path: Assets/Prefabs/sourceMarket6/Materials/fish.mat
  artifactKey: Guid(af0d2ef0f6a018849aa2014d7cc0bb84) Importer(815301076,1909f56bfc062723c751e8b465ee728b)
Start importing Assets/Prefabs/sourceMarket6/Materials/fish.mat using Guid(af0d2ef0f6a018849aa2014d7cc0bb84) Importer(815301076,1909f56bfc062723c751e8b465ee728b)  -> (artifact id: 'add85971d8baa8698e5952ce042aa57e') in 0.053941 seconds 
========================================================================
Received Import Request.
  Time since last request: 0.000228 seconds.
  path: Assets/Prefabs/sourceMarket6/texturesMarket6/herbs_png.png
  artifactKey: Guid(02020954050e5e24297532ec8d319503) Importer(815301076,1909f56bfc062723c751e8b465ee728b)
Start importing Assets/Prefabs/sourceMarket6/texturesMarket6/herbs_png.png using Guid(02020954050e5e24297532ec8d319503) Importer(815301076,1909f56bfc062723c751e8b465ee728b)  -> (artifact id: '195029c2c0fcfacde626c2212edd5787') in 0.018353 seconds 
========================================================================
Received Import Request.
  Time since last request: 0.000280 seconds.
  path: Assets/Prefabs/sourceMarket6/Materials/ground.mat
  artifactKey: Guid(10770edbe1073d349aebb4e03bc217d4) Importer(815301076,1909f56bfc062723c751e8b465ee728b)
Start importing Assets/Prefabs/sourceMarket6/Materials/ground.mat using Guid(10770edbe1073d349aebb4e03bc217d4) Importer(815301076,1909f56bfc062723c751e8b465ee728b)  -> (artifact id: 'd92fb06a1f662e8880d4db0fe1c99cc6') in 0.036781 seconds 
========================================================================
Received Import Request.
  Time since last request: 0.000188 seconds.
  path: Assets/Prefabs/sourceMarket6/texturesMarket6/food_stll_bread_Normal.png
  artifactKey: Guid(5f6a3666274764b409f9751d1fd38669) Importer(815301076,1909f56bfc062723c751e8b465ee728b)
Start importing Assets/Prefabs/sourceMarket6/texturesMarket6/food_stll_bread_Normal.png using Guid(5f6a3666274764b409f9751d1fd38669) Importer(815301076,1909f56bfc062723c751e8b465ee728b)  -> (artifact id: '78f5fc4c1e116f11bdce632b223ee3b6') in 0.058452 seconds 
========================================================================
Received Import Request.
  Time since last request: 0.000309 seconds.
  path: Assets/Prefabs/sourceMarket6/Materials/bread.mat
  artifactKey: Guid(80e145edaf2254343ab87c39cbee3ec6) Importer(815301076,1909f56bfc062723c751e8b465ee728b)
Start importing Assets/Prefabs/sourceMarket6/Materials/bread.mat using Guid(80e145edaf2254343ab87c39cbee3ec6) Importer(815301076,1909f56bfc062723c751e8b465ee728b)  -> (artifact id: '839cf9f5195c4698aed8dccb288ee09d') in 0.057185 seconds 
========================================================================
Received Import Request.
  Time since last request: 0.000231 seconds.
  path: Assets/Prefabs/sourceMarket6/Materials
  artifactKey: Guid(8c90b9fa2a508bb4eb8e8839355712ab) Importer(815301076,1909f56bfc062723c751e8b465ee728b)
Start importing Assets/Prefabs/sourceMarket6/Materials using Guid(8c90b9fa2a508bb4eb8e8839355712ab) Importer(815301076,1909f56bfc062723c751e8b465ee728b)  -> (artifact id: 'dd2f920947d87bfe64eec5f0f6eb6ffe') in 0.015588 seconds 
========================================================================
Received Import Request.
  Time since last request: 0.000304 seconds.
  path: Assets/Prefabs/sourceMarket6/texturesMarket6/food_stll_stand_Normal.png
  artifactKey: Guid(bbebe6e6815a73d4cb2bb13997f69591) Importer(815301076,1909f56bfc062723c751e8b465ee728b)
Start importing Assets/Prefabs/sourceMarket6/texturesMarket6/food_stll_stand_Normal.png using Guid(bbebe6e6815a73d4cb2bb13997f69591) Importer(815301076,1909f56bfc062723c751e8b465ee728b)  -> (artifact id: '0bf3aa5b0be541e7ca6c256e931683fc') in 0.042690 seconds 
========================================================================
Received Import Request.
  Time since last request: 0.000292 seconds.
  path: Assets/Prefabs/sourceMarket6/Materials/stand.mat
  artifactKey: Guid(7db3c116fa3f1f64f92bb008dd36260d) Importer(815301076,1909f56bfc062723c751e8b465ee728b)
Start importing Assets/Prefabs/sourceMarket6/Materials/stand.mat using Guid(7db3c116fa3f1f64f92bb008dd36260d) Importer(815301076,1909f56bfc062723c751e8b465ee728b)  -> (artifact id: '21f4f057588a6072db0e8ebdc75e12ae') in 0.044012 seconds 
========================================================================
Received Import Request.
  Time since last request: 0.000247 seconds.
  path: Assets/Prefabs/sourceMarket6/Materials/cloth.mat
  artifactKey: Guid(719fc12bd937f6346b36dced967032ef) Importer(815301076,1909f56bfc062723c751e8b465ee728b)
Start importing Assets/Prefabs/sourceMarket6/Materials/cloth.mat using Guid(719fc12bd937f6346b36dced967032ef) Importer(815301076,1909f56bfc062723c751e8b465ee728b)  -> (artifact id: 'e04d53da4e10cfe21a089bcec252c91c') in 0.085352 seconds 
========================================================================
Received Import Request.
  Time since last request: 0.000328 seconds.
  path: Assets/Prefabs/sourceMarket6/food stall.fbx
  artifactKey: Guid(6e82b265113098a4ba1d8304dc459000) Importer(815301076,1909f56bfc062723c751e8b465ee728b)
Start importing Assets/Prefabs/sourceMarket6/food stall.fbx using Guid(6e82b265113098a4ba1d8304dc459000) Importer(815301076,1909f56bfc062723c751e8b465ee728b)  -> (artifact id: '61068bb9c3383e4d8e3b72e52aca82fd') in 1.208128 seconds 
========================================================================
Received Import Request.
  Time since last request: 0.000241 seconds.
  path: Assets/Prefabs/sourceMarket6/Materials/herbs.mat
  artifactKey: Guid(6898678da80325d40a4d19a54bff2fc6) Importer(815301076,1909f56bfc062723c751e8b465ee728b)
Start importing Assets/Prefabs/sourceMarket6/Materials/herbs.mat using Guid(6898678da80325d40a4d19a54bff2fc6) Importer(815301076,1909f56bfc062723c751e8b465ee728b)  -> (artifact id: '4346a84ecad82e726b33171526de4b58') in 0.030796 seconds 
========================================================================
Received Import Request.
  Time since last request: 0.000214 seconds.
  path: Assets/Prefabs/sourceMarket6/Materials/barrel.mat
  artifactKey: Guid(bf991a3c33db31c4cb6a34f4200a4ab0) Importer(815301076,1909f56bfc062723c751e8b465ee728b)
Start importing Assets/Prefabs/sourceMarket6/Materials/barrel.mat using Guid(bf991a3c33db31c4cb6a34f4200a4ab0) Importer(815301076,1909f56bfc062723c751e8b465ee728b)  -> (artifact id: 'ace18b17851cd004ff2abfb7f07e979f') in 0.045919 seconds 
========================================================================
Received Import Request.
  Time since last request: 0.000203 seconds.
  path: Assets/Prefabs/sourceMarket6/Materials/box.mat
  artifactKey: Guid(c70d63d8ef78faa4aa5f250e77ca88ca) Importer(815301076,1909f56bfc062723c751e8b465ee728b)
Start importing Assets/Prefabs/sourceMarket6/Materials/box.mat using Guid(c70d63d8ef78faa4aa5f250e77ca88ca) Importer(815301076,1909f56bfc062723c751e8b465ee728b)  -> (artifact id: 'b825bd4c4b2720efebeaaaf614f7eedb') in 0.023272 seconds 
========================================================================
Received Import Request.
  Time since last request: 0.000232 seconds.
  path: Assets/Prefabs/sourceMarket6/texturesMarket6/barrel_normal.png
  artifactKey: Guid(0a3e229c98824094689c7a817216ff3e) Importer(815301076,1909f56bfc062723c751e8b465ee728b)
Start importing Assets/Prefabs/sourceMarket6/texturesMarket6/barrel_normal.png using Guid(0a3e229c98824094689c7a817216ff3e) Importer(815301076,1909f56bfc062723c751e8b465ee728b)  -> (artifact id: 'a29c3767716e1a40bd5f5bc2eefda777') in 0.037598 seconds 
========================================================================
Received Import Request.
  Time since last request: 0.000347 seconds.
  path: Assets/Prefabs/sourceMarket6/texturesMarket6/box_normal.png
  artifactKey: Guid(d3688db6defb1c2428510fb9eacfa33d) Importer(815301076,1909f56bfc062723c751e8b465ee728b)
Start importing Assets/Prefabs/sourceMarket6/texturesMarket6/box_normal.png using Guid(d3688db6defb1c2428510fb9eacfa33d) Importer(815301076,1909f56bfc062723c751e8b465ee728b)  -> (artifact id: 'ae59c6e8ed213780a95c118404ac75aa') in 0.020455 seconds 
========================================================================
Received Prepare
Registering precompiled user dll's ...
Registered in 0.005203 seconds.
Begin MonoManager ReloadAssembly
Native extension for WindowsStandalone target not found
Refreshing native plugins compatible for Editor in 1.49 ms, found 2 plugins.
Preloading 0 native plugins for Editor in 0.00 ms.
Mono: successfully reloaded assembly
- Completed reload, in  1.878 seconds
Domain Reload Profiling:
	ReloadAssembly (1879ms)
		BeginReloadAssembly (192ms)
			ExecutionOrderSort (0ms)
			DisableScriptedObjects (5ms)
			BackupInstance (0ms)
			ReleaseScriptingObjects (0ms)
			CreateAndSetChildDomain (61ms)
		EndReloadAssembly (1607ms)
			LoadAssemblies (137ms)
			RebuildTransferFunctionScriptingTraits (0ms)
			SetupTypeCache (606ms)
			ReleaseScriptCaches (2ms)
			RebuildScriptCaches (73ms)
			SetupLoadedEditorAssemblies (632ms)
				LogAssemblyErrors (0ms)
				InitializePlatformSupportModulesInManaged (6ms)
				SetLoadedEditorAssemblies (1ms)
				RefreshPlugins (2ms)
				BeforeProcessingInitializeOnLoad (118ms)
				ProcessInitializeOnLoadAttributes (479ms)
				ProcessInitializeOnLoadMethodAttributes (14ms)
				AfterProcessingInitializeOnLoad (13ms)
				EditorAssembliesLoaded (0ms)
			ExecutionOrderSort2 (0ms)
			AwakeInstancesAfterBackupRestoration (10ms)
Platform modules already initialized, skipping
Shader 'Custom/AdditiveTintable': fallback shader 'Particles/Additive (Soft)' not found
Refreshing native plugins compatible for Editor in 1.06 ms, found 2 plugins.
Preloading 0 native plugins for Editor in 0.00 ms.
Unloading 3773 Unused Serialized files (Serialized files now loaded: 0)
System memory in use before: 197.5 MB.
System memory in use after: 197.7 MB.

Unloading 19 unused Assets to reduce memory usage. Loaded Objects now: 4413.
Total: 5.147700 ms (FindLiveObjects: 0.398900 ms CreateObjectMapping: 0.250300 ms MarkObjects: 4.467000 ms  DeleteObjects: 0.030000 ms)

AssetImportParameters requested are different than current active one (requested -> active):
  custom:framework-win-MediaFoundation: 216162199b28c13a410421893ffa2e32 -> 
  custom:video-decoder-ogg-theora: a1e56fd34408186e4bbccfd4996cb3dc -> 
  custom:container-muxer-webm: aa71ff27fc2769a1b78a27578f13a17b -> 
  custom:container-demuxer-webm: 4f35f7cbe854078d1ac9338744f61a02 -> 
  custom:container-demuxer-ogg: 62fdf1f143b41e24485cea50d1cbac27 -> 
  custom:video-encoder-webm-vp8: eb34c28f22e8b96e1ab97ce403110664 -> 
  custom:video-decoder-webm-vp8: 9c59270c3fd7afecdb556c50c9e8de78 -> 
  custom:audio-decoder-ogg-vorbis: bf7c407c2cedff20999df2af8eb42d56 -> 
  custom:audio-encoder-webm-vorbis: bf7c407c2cedff20999df2af8eb42d56 -> 
========================================================================
Received Import Request.
  Time since last request: 761.606188 seconds.
  path: Assets/Player/Materials/Paladin_MAT.mat
  artifactKey: Guid(bd6dee1eace4fd543b1dadb3dc0ba381) Importer(815301076,1909f56bfc062723c751e8b465ee728b)
Start importing Assets/Player/Materials/Paladin_MAT.mat using Guid(bd6dee1eace4fd543b1dadb3dc0ba381) Importer(815301076,1909f56bfc062723c751e8b465ee728b)  -> (artifact id: '9b40a583203374f9ba52f50d8195322f') in 0.182815 seconds 
========================================================================
Received Import Request.
  Time since last request: 0.000245 seconds.
  path: Assets/assets/Mess Maker Free/Sample Scene Assets/Material/Plain.mat
  artifactKey: Guid(2d70637cc1cf12841a4294455b2c9198) Importer(815301076,1909f56bfc062723c751e8b465ee728b)
Start importing Assets/assets/Mess Maker Free/Sample Scene Assets/Material/Plain.mat using Guid(2d70637cc1cf12841a4294455b2c9198) Importer(815301076,1909f56bfc062723c751e8b465ee728b)  -> (artifact id: '3ce627702b1a1aca19d8210538ed4a7f') in 0.078738 seconds 
========================================================================
Received Import Request.
  Time since last request: 0.000227 seconds.
  path: Packages/com.unity.render-pipelines.universal/Runtime/Materials/ParticlesUnlit.mat
  artifactKey: Guid(e823cd5b5d27c0f4b8256e7c12ee3e6d) Importer(815301076,1909f56bfc062723c751e8b465ee728b)
Start importing Packages/com.unity.render-pipelines.universal/Runtime/Materials/ParticlesUnlit.mat using Guid(e823cd5b5d27c0f4b8256e7c12ee3e6d) Importer(815301076,1909f56bfc062723c751e8b465ee728b)  -> (artifact id: '3ad40f01e9d41488d762fd6d85c343c1') in 0.045244 seconds 
========================================================================
Received Import Request.
  Time since last request: 0.708391 seconds.
  path: Assets/Prefabs/sourceMarket7/model/Materials/ring.mat
  artifactKey: Guid(fc8ad2f550b24964796b8d0e653590cb) Importer(815301076,1909f56bfc062723c751e8b465ee728b)
Start importing Assets/Prefabs/sourceMarket7/model/Materials/ring.mat using Guid(fc8ad2f550b24964796b8d0e653590cb) Importer(815301076,1909f56bfc062723c751e8b465ee728b)  -> (artifact id: '1b8af7ad51ec104f4836bbbce8114989') in 0.036905 seconds 
========================================================================
Received Import Request.
  Time since last request: 0.000243 seconds.
  path: Assets/assets/Mess Maker Free/Sample Scene Assets/Material/Road.mat
  artifactKey: Guid(bb03a8dc74c39bc40b04cb6c5fd2a6de) Importer(815301076,1909f56bfc062723c751e8b465ee728b)
Start importing Assets/assets/Mess Maker Free/Sample Scene Assets/Material/Road.mat using Guid(bb03a8dc74c39bc40b04cb6c5fd2a6de) Importer(815301076,1909f56bfc062723c751e8b465ee728b)  -> (artifact id: '4fb5814d2be30f1ef436989595a1c003') in 0.033802 seconds 
========================================================================
Received Import Request.
  Time since last request: 25.539376 seconds.
  path: Assets/Prefabs/sourceMarket7/model/Materials/rope.mat
  artifactKey: Guid(be31dad675afc8f479afe365466aff56) Importer(815301076,1909f56bfc062723c751e8b465ee728b)
Start importing Assets/Prefabs/sourceMarket7/model/Materials/rope.mat using Guid(be31dad675afc8f479afe365466aff56) Importer(815301076,1909f56bfc062723c751e8b465ee728b)  -> (artifact id: '9276a40ec8c88d2bd041bba1292481ea') in 0.029835 seconds 
========================================================================
Received Import Request.
  Time since last request: 1.911714 seconds.
  path: Assets/assets/Mess Maker Free/obj/Rubbish.fbx
  artifactKey: Guid(6ee79a39487f7bb4abefb33640b1f96a) Importer(815301076,1909f56bfc062723c751e8b465ee728b)
Start importing Assets/assets/Mess Maker Free/obj/Rubbish.fbx using Guid(6ee79a39487f7bb4abefb33640b1f96a) Importer(815301076,1909f56bfc062723c751e8b465ee728b)  -> (artifact id: 'e3cf3098cee18ff19dcc6e25838fadab') in 1.055078 seconds 
========================================================================
Received Import Request.
  Time since last request: 0.000254 seconds.
  path: Assets/assets/Mess Maker Free/Templates/Materials/Soda Can Blank.mat
  artifactKey: Guid(49e802d6615f15e4b8efa764767744f4) Importer(815301076,1909f56bfc062723c751e8b465ee728b)
Start importing Assets/assets/Mess Maker Free/Templates/Materials/Soda Can Blank.mat using Guid(49e802d6615f15e4b8efa764767744f4) Importer(815301076,1909f56bfc062723c751e8b465ee728b)  -> (artifact id: '81c240fd46918270904223a789f5ffe8') in 0.091247 seconds 
========================================================================
Received Import Request.
  Time since last request: 1.836983 seconds.
  path: Assets/Prefabs/sourceMarket5/texturesMarket5/Struts.mat
  artifactKey: Guid(5612e28473245894095ba118f7097a79) Importer(815301076,1909f56bfc062723c751e8b465ee728b)
Start importing Assets/Prefabs/sourceMarket5/texturesMarket5/Struts.mat using Guid(5612e28473245894095ba118f7097a79) Importer(815301076,1909f56bfc062723c751e8b465ee728b)  -> (artifact id: '295d9fdf9c101e907b44be72cca6ff6f') in 0.035058 seconds 
========================================================================
Received Import Request.
  Time since last request: 0.000200 seconds.
  path: Assets/Prefabs/Troll2/Materials/Sword_D.mat
  artifactKey: Guid(47d730e09cf8a874c8c09972ee3d5be5) Importer(815301076,1909f56bfc062723c751e8b465ee728b)
Start importing Assets/Prefabs/Troll2/Materials/Sword_D.mat using Guid(47d730e09cf8a874c8c09972ee3d5be5) Importer(815301076,1909f56bfc062723c751e8b465ee728b)  -> (artifact id: '3caae616c66531700b2ffa6332f27a2d') in 0.162465 seconds 
========================================================================
Received Import Request.
  Time since last request: 0.000266 seconds.
  path: Assets/Prefabs/sourceMarket7/model/Materials/Table.mat
  artifactKey: Guid(0c1bac7e5c7921c4f922216422d9ff65) Importer(815301076,1909f56bfc062723c751e8b465ee728b)
Start importing Assets/Prefabs/sourceMarket7/model/Materials/Table.mat using Guid(0c1bac7e5c7921c4f922216422d9ff65) Importer(815301076,1909f56bfc062723c751e8b465ee728b)  -> (artifact id: 'af2336675c675bb6dd7d62a79c74db8d') in 0.046242 seconds 
========================================================================
Received Import Request.
  Time since last request: 0.217542 seconds.
  path: Assets/Prefabs/sourceMarket5/texturesMarket5/Tabletop.mat
  artifactKey: Guid(928d72dc08427534d94ccd6ef440f8ce) Importer(815301076,1909f56bfc062723c751e8b465ee728b)
Start importing Assets/Prefabs/sourceMarket5/texturesMarket5/Tabletop.mat using Guid(928d72dc08427534d94ccd6ef440f8ce) Importer(815301076,1909f56bfc062723c751e8b465ee728b)  -> (artifact id: 'd601f6b3b2252703132a15c018159e39') in 0.031583 seconds 
========================================================================
Received Import Request.
  Time since last request: 1.390141 seconds.
  path: Assets/Prefabs/sourceMarket7/model/Materials/tile.mat
  artifactKey: Guid(221bb8853d151634795000ac8442b276) Importer(815301076,1909f56bfc062723c751e8b465ee728b)
Start importing Assets/Prefabs/sourceMarket7/model/Materials/tile.mat using Guid(221bb8853d151634795000ac8442b276) Importer(815301076,1909f56bfc062723c751e8b465ee728b)  -> (artifact id: 'e43e80eb834a31e7cc5afbc85269d07a') in 0.241765 seconds 
========================================================================
Received Import Request.
  Time since last request: 0.000272 seconds.
  path: Assets/Prefabs/Troll2/Materials/Troll_2_D.mat
  artifactKey: Guid(4d9a720c193300b43b573fdf0a610f57) Importer(815301076,1909f56bfc062723c751e8b465ee728b)
Start importing Assets/Prefabs/Troll2/Materials/Troll_2_D.mat using Guid(4d9a720c193300b43b573fdf0a610f57) Importer(815301076,1909f56bfc062723c751e8b465ee728b)  -> (artifact id: '22e7c1c7b3b7326990f4a3579da90093') in 0.156506 seconds 
========================================================================
Received Import Request.
  Time since last request: 0.000257 seconds.
  path: Assets/assets/Mess Maker Free/Sample Scene Assets/Material/Tree.mat
  artifactKey: Guid(56a9f540f4d15c84fb6ca8c596b889e1) Importer(815301076,1909f56bfc062723c751e8b465ee728b)
Start importing Assets/assets/Mess Maker Free/Sample Scene Assets/Material/Tree.mat using Guid(56a9f540f4d15c84fb6ca8c596b889e1) Importer(815301076,1909f56bfc062723c751e8b465ee728b)  -> (artifact id: '81f82dc9f815c74b351e1e4e7cf02e85') in 0.044055 seconds 
========================================================================
Received Import Request.
  Time since last request: 0.000276 seconds.
  path: Assets/Prefabs/sourceMarket7/model/Materials/tube.mat
  artifactKey: Guid(a5e80d9e6f55d9d458c66793b30d41bb) Importer(815301076,1909f56bfc062723c751e8b465ee728b)
Start importing Assets/Prefabs/sourceMarket7/model/Materials/tube.mat using Guid(a5e80d9e6f55d9d458c66793b30d41bb) Importer(815301076,1909f56bfc062723c751e8b465ee728b)  -> (artifact id: 'e74997aba3e53f3865f3fda23b85979b') in 0.030548 seconds 
========================================================================
Received Import Request.
  Time since last request: 0.000194 seconds.
  path: Assets/Prefabs/sourceMarket7/model/Materials/top.mat
  artifactKey: Guid(74ea70aa058eb4e4a9af8713ee99575b) Importer(815301076,1909f56bfc062723c751e8b465ee728b)
Start importing Assets/Prefabs/sourceMarket7/model/Materials/top.mat using Guid(74ea70aa058eb4e4a9af8713ee99575b) Importer(815301076,1909f56bfc062723c751e8b465ee728b)  -> (artifact id: '8da154e95dcb47786d7208b97e4146af') in 0.029819 seconds 
========================================================================
Received Import Request.
  Time since last request: 4.087911 seconds.
  path: Assets/assets/Mess Maker Free/Templates/Materials/Vodka Label Blank.mat
  artifactKey: Guid(2cd3ba717b4e360448277a6e4032a4f4) Importer(815301076,1909f56bfc062723c751e8b465ee728b)
Start importing Assets/assets/Mess Maker Free/Templates/Materials/Vodka Label Blank.mat using Guid(2cd3ba717b4e360448277a6e4032a4f4) Importer(815301076,1909f56bfc062723c751e8b465ee728b)  -> (artifact id: 'f363f7a0689ecee495416eefff7b3f1b') in 0.065872 seconds 
========================================================================
Received Prepare
Registering precompiled user dll's ...
Registered in 0.005195 seconds.
Begin MonoManager ReloadAssembly
Native extension for WindowsStandalone target not found
Refreshing native plugins compatible for Editor in 1.99 ms, found 2 plugins.
Preloading 0 native plugins for Editor in 0.00 ms.
Mono: successfully reloaded assembly
- Completed reload, in  1.632 seconds
Domain Reload Profiling:
	ReloadAssembly (1633ms)
		BeginReloadAssembly (198ms)
			ExecutionOrderSort (0ms)
			DisableScriptedObjects (5ms)
			BackupInstance (0ms)
			ReleaseScriptingObjects (0ms)
			CreateAndSetChildDomain (69ms)
		EndReloadAssembly (1348ms)
			LoadAssemblies (151ms)
			RebuildTransferFunctionScriptingTraits (0ms)
			SetupTypeCache (484ms)
			ReleaseScriptCaches (2ms)
			RebuildScriptCaches (64ms)
			SetupLoadedEditorAssemblies (506ms)
				LogAssemblyErrors (0ms)
				InitializePlatformSupportModulesInManaged (4ms)
				SetLoadedEditorAssemblies (1ms)
				RefreshPlugins (2ms)
				BeforeProcessingInitializeOnLoad (94ms)
				ProcessInitializeOnLoadAttributes (382ms)
				ProcessInitializeOnLoadMethodAttributes (13ms)
				AfterProcessingInitializeOnLoad (10ms)
				EditorAssembliesLoaded (0ms)
			ExecutionOrderSort2 (0ms)
			AwakeInstancesAfterBackupRestoration (10ms)
Platform modules already initialized, skipping
Shader 'Custom/AdditiveTintable': fallback shader 'Particles/Additive (Soft)' not found
Refreshing native plugins compatible for Editor in 1.36 ms, found 2 plugins.
Preloading 0 native plugins for Editor in 0.00 ms.
Unloading 3773 Unused Serialized files (Serialized files now loaded: 0)
System memory in use before: 198.4 MB.
System memory in use after: 198.6 MB.

Unloading 21 unused Assets to reduce memory usage. Loaded Objects now: 4417.
Total: 5.153700 ms (FindLiveObjects: 0.375900 ms CreateObjectMapping: 0.263500 ms MarkObjects: 4.433000 ms  DeleteObjects: 0.080000 ms)

AssetImportParameters requested are different than current active one (requested -> active):
  custom:framework-win-MediaFoundation: 216162199b28c13a410421893ffa2e32 -> 
  custom:video-decoder-ogg-theora: a1e56fd34408186e4bbccfd4996cb3dc -> 
  custom:container-muxer-webm: aa71ff27fc2769a1b78a27578f13a17b -> 
  custom:container-demuxer-webm: 4f35f7cbe854078d1ac9338744f61a02 -> 
  custom:container-demuxer-ogg: 62fdf1f143b41e24485cea50d1cbac27 -> 
  custom:video-encoder-webm-vp8: eb34c28f22e8b96e1ab97ce403110664 -> 
  custom:video-decoder-webm-vp8: 9c59270c3fd7afecdb556c50c9e8de78 -> 
  custom:audio-decoder-ogg-vorbis: bf7c407c2cedff20999df2af8eb42d56 -> 
  custom:audio-encoder-webm-vorbis: bf7c407c2cedff20999df2af8eb42d56 -> 
========================================================================
Received Import Request.
  Time since last request: 2324.508047 seconds.
  path: Assets/assets/ASTROFISH_GAMES/MEDIEVAL_SERIES/MEDIEVAL_WELLS_PROPS/MATS/Terrain/MVillage_Wells&Props_Dry_Mud.terrainlayer
  artifactKey: Guid(c89b9ba15a8ac64448bcca1b0bfaac15) Importer(815301076,1909f56bfc062723c751e8b465ee728b)
Start importing Assets/assets/ASTROFISH_GAMES/MEDIEVAL_SERIES/MEDIEVAL_WELLS_PROPS/MATS/Terrain/MVillage_Wells&Props_Dry_Mud.terrainlayer using Guid(c89b9ba15a8ac64448bcca1b0bfaac15) Importer(815301076,1909f56bfc062723c751e8b465ee728b)  -> (artifact id: '8ca176636c90fc9f434bb33075836368') in 0.148364 seconds 
========================================================================
Received Import Request.
  Time since last request: 0.000213 seconds.
  path: Assets/assets/ASTROFISH_GAMES/MEDIEVAL_SERIES/MEDIEVAL_WELLS_PROPS/MATS/Terrain/MVillage_Wells&Props_Wet_Mud.terrainlayer
  artifactKey: Guid(3dfd1e40ee854774d9807be27d4467b2) Importer(815301076,1909f56bfc062723c751e8b465ee728b)
Start importing Assets/assets/ASTROFISH_GAMES/MEDIEVAL_SERIES/MEDIEVAL_WELLS_PROPS/MATS/Terrain/MVillage_Wells&Props_Wet_Mud.terrainlayer using Guid(3dfd1e40ee854774d9807be27d4467b2) Importer(815301076,1909f56bfc062723c751e8b465ee728b)  -> (artifact id: 'ee43c2bcfbf32b71b72228ff6fff20ff') in 0.032232 seconds 
========================================================================
Received Prepare
Registering precompiled user dll's ...
Registered in 0.004926 seconds.
Begin MonoManager ReloadAssembly
Native extension for WindowsStandalone target not found
Refreshing native plugins compatible for Editor in 1.70 ms, found 2 plugins.
Preloading 0 native plugins for Editor in 0.00 ms.
Mono: successfully reloaded assembly
- Completed reload, in  1.932 seconds
Domain Reload Profiling:
	ReloadAssembly (1933ms)
		BeginReloadAssembly (244ms)
			ExecutionOrderSort (0ms)
			DisableScriptedObjects (6ms)
			BackupInstance (0ms)
			ReleaseScriptingObjects (0ms)
			CreateAndSetChildDomain (93ms)
		EndReloadAssembly (1594ms)
			LoadAssemblies (179ms)
			RebuildTransferFunctionScriptingTraits (0ms)
			SetupTypeCache (602ms)
			ReleaseScriptCaches (2ms)
			RebuildScriptCaches (82ms)
			SetupLoadedEditorAssemblies (600ms)
				LogAssemblyErrors (0ms)
				InitializePlatformSupportModulesInManaged (5ms)
				SetLoadedEditorAssemblies (1ms)
				RefreshPlugins (2ms)
				BeforeProcessingInitializeOnLoad (116ms)
				ProcessInitializeOnLoadAttributes (449ms)
				ProcessInitializeOnLoadMethodAttributes (15ms)
				AfterProcessingInitializeOnLoad (12ms)
				EditorAssembliesLoaded (1ms)
			ExecutionOrderSort2 (0ms)
			AwakeInstancesAfterBackupRestoration (9ms)
Platform modules already initialized, skipping
Shader 'Custom/AdditiveTintable': fallback shader 'Particles/Additive (Soft)' not found
Refreshing native plugins compatible for Editor in 1.88 ms, found 2 plugins.
Preloading 0 native plugins for Editor in 0.00 ms.
Unloading 3773 Unused Serialized files (Serialized files now loaded: 0)
System memory in use before: 198.4 MB.
System memory in use after: 198.6 MB.

Unloading 19 unused Assets to reduce memory usage. Loaded Objects now: 4422.
Total: 7.410900 ms (FindLiveObjects: 0.421800 ms CreateObjectMapping: 0.277300 ms MarkObjects: 6.613000 ms  DeleteObjects: 0.097500 ms)

AssetImportParameters requested are different than current active one (requested -> active):
  custom:framework-win-MediaFoundation: 216162199b28c13a410421893ffa2e32 -> 
  custom:video-decoder-ogg-theora: a1e56fd34408186e4bbccfd4996cb3dc -> 
  custom:container-muxer-webm: aa71ff27fc2769a1b78a27578f13a17b -> 
  custom:container-demuxer-webm: 4f35f7cbe854078d1ac9338744f61a02 -> 
  custom:container-demuxer-ogg: 62fdf1f143b41e24485cea50d1cbac27 -> 
  custom:video-encoder-webm-vp8: eb34c28f22e8b96e1ab97ce403110664 -> 
  custom:video-decoder-webm-vp8: 9c59270c3fd7afecdb556c50c9e8de78 -> 
  custom:audio-decoder-ogg-vorbis: bf7c407c2cedff20999df2af8eb42d56 -> 
  custom:audio-encoder-webm-vorbis: bf7c407c2cedff20999df2af8eb42d56 -> 
========================================================================
Received Import Request.
  Time since last request: 239.682430 seconds.
  path: Assets/assets/HQ Rocks/Textures/NewLayer.terrainlayer
  artifactKey: Guid(0e58539c12c466a469b3a5bf48dd8a16) Importer(815301076,1909f56bfc062723c751e8b465ee728b)
Start importing Assets/assets/HQ Rocks/Textures/NewLayer.terrainlayer using Guid(0e58539c12c466a469b3a5bf48dd8a16) Importer(815301076,1909f56bfc062723c751e8b465ee728b)  -> (artifact id: '5c4eac7f03ad4b8be283743e1c7b03d5') in 0.154214 seconds 
========================================================================
Received Prepare
Registering precompiled user dll's ...
Registered in 0.005131 seconds.
Begin MonoManager ReloadAssembly
Native extension for WindowsStandalone target not found
Refreshing native plugins compatible for Editor in 1.26 ms, found 2 plugins.
Preloading 0 native plugins for Editor in 0.00 ms.
Mono: successfully reloaded assembly
- Completed reload, in  2.008 seconds
Domain Reload Profiling:
	ReloadAssembly (2009ms)
		BeginReloadAssembly (211ms)
			ExecutionOrderSort (0ms)
			DisableScriptedObjects (7ms)
			BackupInstance (0ms)
			ReleaseScriptingObjects (0ms)
			CreateAndSetChildDomain (65ms)
		EndReloadAssembly (1696ms)
			LoadAssemblies (195ms)
			RebuildTransferFunctionScriptingTraits (0ms)
			SetupTypeCache (635ms)
			ReleaseScriptCaches (2ms)
			RebuildScriptCaches (95ms)
			SetupLoadedEditorAssemblies (601ms)
				LogAssemblyErrors (0ms)
				InitializePlatformSupportModulesInManaged (6ms)
				SetLoadedEditorAssemblies (1ms)
				RefreshPlugins (1ms)
				BeforeProcessingInitializeOnLoad (121ms)
				ProcessInitializeOnLoadAttributes (449ms)
				ProcessInitializeOnLoadMethodAttributes (11ms)
				AfterProcessingInitializeOnLoad (10ms)
				EditorAssembliesLoaded (0ms)
			ExecutionOrderSort2 (0ms)
			AwakeInstancesAfterBackupRestoration (8ms)
Platform modules already initialized, skipping
Shader 'Custom/AdditiveTintable': fallback shader 'Particles/Additive (Soft)' not found
Refreshing native plugins compatible for Editor in 1.10 ms, found 2 plugins.
Preloading 0 native plugins for Editor in 0.00 ms.
Unloading 3773 Unused Serialized files (Serialized files now loaded: 0)
System memory in use before: 198.4 MB.
System memory in use after: 198.7 MB.

Unloading 19 unused Assets to reduce memory usage. Loaded Objects now: 4426.
Total: 4.629800 ms (FindLiveObjects: 0.366100 ms CreateObjectMapping: 0.219200 ms MarkObjects: 4.012400 ms  DeleteObjects: 0.030900 ms)

AssetImportParameters requested are different than current active one (requested -> active):
  custom:framework-win-MediaFoundation: 216162199b28c13a410421893ffa2e32 -> 
  custom:video-decoder-ogg-theora: a1e56fd34408186e4bbccfd4996cb3dc -> 
  custom:container-muxer-webm: aa71ff27fc2769a1b78a27578f13a17b -> 
  custom:container-demuxer-webm: 4f35f7cbe854078d1ac9338744f61a02 -> 
  custom:container-demuxer-ogg: 62fdf1f143b41e24485cea50d1cbac27 -> 
  custom:video-encoder-webm-vp8: eb34c28f22e8b96e1ab97ce403110664 -> 
  custom:video-decoder-webm-vp8: 9c59270c3fd7afecdb556c50c9e8de78 -> 
  custom:audio-decoder-ogg-vorbis: bf7c407c2cedff20999df2af8eb42d56 -> 
  custom:audio-encoder-webm-vorbis: bf7c407c2cedff20999df2af8eb42d56 -> 
========================================================================
Received Import Request.
  Time since last request: 555.198301 seconds.
  path: Assets/Prefabs/sourceMarket7/texturesMarket7/BaBtLeg_normal.png
  artifactKey: Guid(2b01529ad8088dd4cb96d09b8a6138ee) Importer(815301076,1909f56bfc062723c751e8b465ee728b)
Start importing Assets/Prefabs/sourceMarket7/texturesMarket7/BaBtLeg_normal.png using Guid(2b01529ad8088dd4cb96d09b8a6138ee) Importer(815301076,1909f56bfc062723c751e8b465ee728b)  -> (artifact id: '618146d5ee4874d10d8ec0f072dbedf5') in 0.150506 seconds 
========================================================================
Received Import Request.
  Time since last request: 7.097620 seconds.
  path: Assets/Prefabs/sourceMarket7/model/textures/apple_normal.png
  artifactKey: Guid(a6432d2f76b03714db3d9e4be930545e) Importer(815301076,1909f56bfc062723c751e8b465ee728b)
Start importing Assets/Prefabs/sourceMarket7/model/textures/apple_normal.png using Guid(a6432d2f76b03714db3d9e4be930545e) Importer(815301076,1909f56bfc062723c751e8b465ee728b)  -> (artifact id: 'c493854daebdeb5ffbd55ccbcb0c91ee') in 0.026587 seconds 
========================================================================
Received Import Request.
  Time since last request: 8.938631 seconds.
  path: Assets/Prefabs/sourceMarket7/model/textures/BaTpLeg_normal.png
  artifactKey: Guid(da02e1ed34f433649b28f83ab2736278) Importer(815301076,1909f56bfc062723c751e8b465ee728b)
Start importing Assets/Prefabs/sourceMarket7/model/textures/BaTpLeg_normal.png using Guid(da02e1ed34f433649b28f83ab2736278) Importer(815301076,1909f56bfc062723c751e8b465ee728b)  -> (artifact id: '95ed1198c6dc6497266347523d1ae557') in 0.032579 seconds 
========================================================================
Received Import Request.
  Time since last request: 2.171656 seconds.
  path: Assets/Prefabs/sourceMarket7/model/textures/bottle_normal.png
  artifactKey: Guid(9aac09da8d4e8dd469cc8e9a2c388f9b) Importer(815301076,1909f56bfc062723c751e8b465ee728b)
Start importing Assets/Prefabs/sourceMarket7/model/textures/bottle_normal.png using Guid(9aac09da8d4e8dd469cc8e9a2c388f9b) Importer(815301076,1909f56bfc062723c751e8b465ee728b)  -> (artifact id: '41e1cb843a2cdbbff37202a6a75efaf7') in 0.023161 seconds 
========================================================================
Received Import Request.
  Time since last request: 3.116560 seconds.
  path: Assets/Prefabs/sourceMarket7/model/textures/cloth_normal.png
  artifactKey: Guid(7b3cdbf8e35d99a429ebd9ce6a9ad722) Importer(815301076,1909f56bfc062723c751e8b465ee728b)
Start importing Assets/Prefabs/sourceMarket7/model/textures/cloth_normal.png using Guid(7b3cdbf8e35d99a429ebd9ce6a9ad722) Importer(815301076,1909f56bfc062723c751e8b465ee728b)  -> (artifact id: '74769a96f1fb4ce2413032b219f39622') in 0.025329 seconds 
========================================================================
Received Import Request.
  Time since last request: 0.818083 seconds.
  path: Assets/Prefabs/sourceMarket7/model/textures/crate_normal.png
  artifactKey: Guid(4109c8b86f4a7914a840cee577f91179) Importer(815301076,1909f56bfc062723c751e8b465ee728b)
Start importing Assets/Prefabs/sourceMarket7/model/textures/crate_normal.png using Guid(4109c8b86f4a7914a840cee577f91179) Importer(815301076,1909f56bfc062723c751e8b465ee728b)  -> (artifact id: 'ed5ef4990ec5083da9ff4208042ff56f') in 0.027700 seconds 
========================================================================
Received Import Request.
  Time since last request: 3.874350 seconds.
  path: Assets/Prefabs/sourceMarket7/model/textures/DefaultMaterial_normal.png
  artifactKey: Guid(32d55294ed5f2c74bb51c6c9b28a94a1) Importer(815301076,1909f56bfc062723c751e8b465ee728b)
Start importing Assets/Prefabs/sourceMarket7/model/textures/DefaultMaterial_normal.png using Guid(32d55294ed5f2c74bb51c6c9b28a94a1) Importer(815301076,1909f56bfc062723c751e8b465ee728b)  -> (artifact id: '6ee4248a7e08c1280071e6f2fa7eecd1') in 0.031232 seconds 
========================================================================
Received Import Request.
  Time since last request: 5.182252 seconds.
  path: Assets/Prefabs/sourceMarket7/texturesMarket7/floor_normal.png
  artifactKey: Guid(01cecd44e08d7fb41bfbdb51e3e068f2) Importer(815301076,1909f56bfc062723c751e8b465ee728b)
Start importing Assets/Prefabs/sourceMarket7/texturesMarket7/floor_normal.png using Guid(01cecd44e08d7fb41bfbdb51e3e068f2) Importer(815301076,1909f56bfc062723c751e8b465ee728b)  -> (artifact id: 'f78fb1df0597e5dc89f65491858b0761') in 0.027366 seconds 
========================================================================
Received Import Request.
  Time since last request: 0.000239 seconds.
  path: Assets/Prefabs/sourceMarket7/model/textures/floor_normal.png
  artifactKey: Guid(b8de84cf7bc2638459461b8ed3e06d72) Importer(815301076,1909f56bfc062723c751e8b465ee728b)
Start importing Assets/Prefabs/sourceMarket7/model/textures/floor_normal.png using Guid(b8de84cf7bc2638459461b8ed3e06d72) Importer(815301076,1909f56bfc062723c751e8b465ee728b)  -> (artifact id: '57f8bbdb336152b4f636c977949561c1') in 0.021108 seconds 
========================================================================
Received Import Request.
  Time since last request: 1.610475 seconds.
  path: Assets/Prefabs/sourceMarket7/model/textures/FrBtLeg_normal.png
  artifactKey: Guid(534fb6af984d21a459cc7fa67c454b21) Importer(815301076,1909f56bfc062723c751e8b465ee728b)
Start importing Assets/Prefabs/sourceMarket7/model/textures/FrBtLeg_normal.png using Guid(534fb6af984d21a459cc7fa67c454b21) Importer(815301076,1909f56bfc062723c751e8b465ee728b)  -> (artifact id: 'b3925d33d0f28cafd5e8e741c2cb8437') in 0.018632 seconds 
========================================================================
Received Import Request.
  Time since last request: 0.152696 seconds.
  path: Assets/Prefabs/sourceMarket7/model/textures/FrTpLeg_normal.png
  artifactKey: Guid(a8e71787f5ca4b34faec3461f7a68e30) Importer(815301076,1909f56bfc062723c751e8b465ee728b)
Start importing Assets/Prefabs/sourceMarket7/model/textures/FrTpLeg_normal.png using Guid(a8e71787f5ca4b34faec3461f7a68e30) Importer(815301076,1909f56bfc062723c751e8b465ee728b)  -> (artifact id: '1bb9358ce3949c0505b82da2330b968f') in 0.021491 seconds 
========================================================================
Received Import Request.
  Time since last request: 3.158943 seconds.
  path: Assets/Prefabs/sourceMarket7/model/textures/lant_normal.png
  artifactKey: Guid(1a13d613c3e248d429e8a44c8053771e) Importer(815301076,1909f56bfc062723c751e8b465ee728b)
Start importing Assets/Prefabs/sourceMarket7/model/textures/lant_normal.png using Guid(1a13d613c3e248d429e8a44c8053771e) Importer(815301076,1909f56bfc062723c751e8b465ee728b)  -> (artifact id: 'e2ff6f8d09d26a5a4321f721cf8c4005') in 0.023620 seconds 
========================================================================
Received Import Request.
  Time since last request: 6.355082 seconds.
  path: Assets/Player/Textures/Paladin_diffuse.png
  artifactKey: Guid(2c233f40ad8b8d346805fe22606a3649) Importer(815301076,1909f56bfc062723c751e8b465ee728b)
Start importing Assets/Player/Textures/Paladin_diffuse.png using Guid(2c233f40ad8b8d346805fe22606a3649) Importer(815301076,1909f56bfc062723c751e8b465ee728b)  -> (artifact id: '5d6c5a8bcce57ddbe4786db04acc1fe4') in 0.059130 seconds 
========================================================================
Received Import Request.
  Time since last request: 0.102799 seconds.
  path: Assets/Player/Textures/Paladin_normal.png
  artifactKey: Guid(0c4f74b73d45d2f48b47e5685ae9c378) Importer(815301076,1909f56bfc062723c751e8b465ee728b)
Start importing Assets/Player/Textures/Paladin_normal.png using Guid(0c4f74b73d45d2f48b47e5685ae9c378) Importer(815301076,1909f56bfc062723c751e8b465ee728b)  -> (artifact id: 'e10e93d29bd58250024e1e378f14ac89') in 0.027336 seconds 
========================================================================
Received Import Request.
  Time since last request: 0.000277 seconds.
  path: Assets/Player/Textures/Paladin_specular.png
  artifactKey: Guid(2891252f22fdd6f45bfd178f35a94891) Importer(815301076,1909f56bfc062723c751e8b465ee728b)
Start importing Assets/Player/Textures/Paladin_specular.png using Guid(2891252f22fdd6f45bfd178f35a94891) Importer(815301076,1909f56bfc062723c751e8b465ee728b)  -> (artifact id: '7ac33b2ab9623f050e274b80825b069d') in 0.018082 seconds 
========================================================================
Received Import Request.
  Time since last request: 5.085657 seconds.
  path: Assets/Prefabs/sourceMarket7/model/textures/ring_normal.png
  artifactKey: Guid(f0e4c07a77703544a891638baea5bd7b) Importer(815301076,1909f56bfc062723c751e8b465ee728b)
Start importing Assets/Prefabs/sourceMarket7/model/textures/ring_normal.png using Guid(f0e4c07a77703544a891638baea5bd7b) Importer(815301076,1909f56bfc062723c751e8b465ee728b)  -> (artifact id: '57fc5f42b2b37182849e4193557cf2b9') in 0.065361 seconds 
========================================================================
Received Import Request.
  Time since last request: 1.761239 seconds.
  path: Assets/Prefabs/sourceMarket7/model/textures/rope_normal.png
  artifactKey: Guid(abc2318505fd2d84d91f75938625e604) Importer(815301076,1909f56bfc062723c751e8b465ee728b)
Start importing Assets/Prefabs/sourceMarket7/model/textures/rope_normal.png using Guid(abc2318505fd2d84d91f75938625e604) Importer(815301076,1909f56bfc062723c751e8b465ee728b)  -> (artifact id: '72f32810a20c9386d767326e5ca3a147') in 0.022785 seconds 
========================================================================
Received Import Request.
  Time since last request: 6.029700 seconds.
  path: Assets/Prefabs/sourceMarket5/texturesMarket5/Table2_Legs_Normal.png
  artifactKey: Guid(3081ab698c1ebe14989db1f67e0bfdac) Importer(815301076,1909f56bfc062723c751e8b465ee728b)
Start importing Assets/Prefabs/sourceMarket5/texturesMarket5/Table2_Legs_Normal.png using Guid(3081ab698c1ebe14989db1f67e0bfdac) Importer(815301076,1909f56bfc062723c751e8b465ee728b)  -> (artifact id: 'ad984b2d70b12094a40ed907064b7934') in 0.023775 seconds 
========================================================================
Received Import Request.
  Time since last request: 0.037434 seconds.
  path: Assets/Prefabs/sourceMarket5/texturesMarket5/Table2_Struts_Normal.png
  artifactKey: Guid(007db9c324bb1a841ad9c94feeb8f86e) Importer(815301076,1909f56bfc062723c751e8b465ee728b)
Start importing Assets/Prefabs/sourceMarket5/texturesMarket5/Table2_Struts_Normal.png using Guid(007db9c324bb1a841ad9c94feeb8f86e) Importer(815301076,1909f56bfc062723c751e8b465ee728b)  -> (artifact id: '71cc4b90eaeb870b657066c308022191') in 0.060443 seconds 
========================================================================
Received Import Request.
  Time since last request: 0.170163 seconds.
  path: Assets/Prefabs/sourceMarket5/texturesMarket5/Table2_Tabletop_Normal.png
  artifactKey: Guid(45154a64f6564594d86a5c2bd87fdcc4) Importer(815301076,1909f56bfc062723c751e8b465ee728b)
Start importing Assets/Prefabs/sourceMarket5/texturesMarket5/Table2_Tabletop_Normal.png using Guid(45154a64f6564594d86a5c2bd87fdcc4) Importer(815301076,1909f56bfc062723c751e8b465ee728b)  -> (artifact id: '79b132920213094b51c2ba347b26b2ef') in 0.023016 seconds 
========================================================================
Received Import Request.
  Time since last request: 0.442061 seconds.
  path: Assets/Prefabs/sourceMarket7/model/textures/Table_normal.png
  artifactKey: Guid(e483c17ba54cadf4d83da76876909687) Importer(815301076,1909f56bfc062723c751e8b465ee728b)
Start importing Assets/Prefabs/sourceMarket7/model/textures/Table_normal.png using Guid(e483c17ba54cadf4d83da76876909687) Importer(815301076,1909f56bfc062723c751e8b465ee728b)  -> (artifact id: '6686f853ac556fc7bfbfd73ed33db4c3') in 0.015648 seconds 
========================================================================
Received Import Request.
  Time since last request: 0.958605 seconds.
  path: Assets/Prefabs/sourceMarket7/model/textures/tile_normal.png
  artifactKey: Guid(f0ab298fd958a6745bbbe79d94f22d55) Importer(815301076,1909f56bfc062723c751e8b465ee728b)
Start importing Assets/Prefabs/sourceMarket7/model/textures/tile_normal.png using Guid(f0ab298fd958a6745bbbe79d94f22d55) Importer(815301076,1909f56bfc062723c751e8b465ee728b)  -> (artifact id: '37bb71232b48252f4a26c4a7292d2ee0') in 0.016234 seconds 
========================================================================
Received Import Request.
  Time since last request: 0.358213 seconds.
  path: Assets/Prefabs/sourceMarket7/model/textures/top_normal.png
  artifactKey: Guid(96b11fee0e891c24e9f20c527f28cca4) Importer(815301076,1909f56bfc062723c751e8b465ee728b)
Start importing Assets/Prefabs/sourceMarket7/model/textures/top_normal.png using Guid(96b11fee0e891c24e9f20c527f28cca4) Importer(815301076,1909f56bfc062723c751e8b465ee728b)  -> (artifact id: '4ffe708aa6d66a1c765d0cf3b7837a0f') in 0.021198 seconds 
========================================================================
Received Import Request.
  Time since last request: 1.476993 seconds.
  path: Assets/Prefabs/sourceMarket7/model/textures/tube_normal.png
  artifactKey: Guid(31d179ba8ba1ff449b608bc46db368fd) Importer(815301076,1909f56bfc062723c751e8b465ee728b)
Start importing Assets/Prefabs/sourceMarket7/model/textures/tube_normal.png using Guid(31d179ba8ba1ff449b608bc46db368fd) Importer(815301076,1909f56bfc062723c751e8b465ee728b)  -> (artifact id: 'd67632435e154d8f89a9b0204cf5f801') in 0.018544 seconds 
========================================================================
Received Import Request.
  Time since last request: 237.628859 seconds.
  path: Assets/New Terrain.asset
  artifactKey: Guid(1ac689c9df332de47aeb806b0118b2bb) Importer(815301076,1909f56bfc062723c751e8b465ee728b)
Start importing Assets/New Terrain.asset using Guid(1ac689c9df332de47aeb806b0118b2bb) Importer(815301076,1909f56bfc062723c751e8b465ee728b)  -> (artifact id: '7b77625e76f3459568efa0a0c5c45466') in 0.097671 seconds 
========================================================================
Received Import Request.
  Time since last request: 3.589662 seconds.
  path: Assets/Snow_mountain
  artifactKey: Guid(3182d62903fb1bd41804285873dfa833) Importer(815301076,1909f56bfc062723c751e8b465ee728b)
Start importing Assets/Snow_mountain using Guid(3182d62903fb1bd41804285873dfa833) Importer(815301076,1909f56bfc062723c751e8b465ee728b)  -> (artifact id: '30cb883c45739e7a7c4966f5403a3f27') in 0.011134 seconds 
========================================================================
Received Import Request.
  Time since last request: 1.296194 seconds.
  path: Assets/Snow_mountain/Skybox
  artifactKey: Guid(f93ec106ca32c3b4ea18a131f09ba9e5) Importer(815301076,1909f56bfc062723c751e8b465ee728b)
Start importing Assets/Snow_mountain/Skybox using Guid(f93ec106ca32c3b4ea18a131f09ba9e5) Importer(815301076,1909f56bfc062723c751e8b465ee728b)  -> (artifact id: '673b37908e48ce50cdd1262be70a9060') in 0.009580 seconds 
========================================================================
Received Import Request.
  Time since last request: 0.394792 seconds.
  path: Assets/Snow_mountain/Skybox/skybox.mat
  artifactKey: Guid(0ff3aa777f2ccae4dbada9366130d56b) Importer(815301076,1909f56bfc062723c751e8b465ee728b)
Start importing Assets/Snow_mountain/Skybox/skybox.mat using Guid(0ff3aa777f2ccae4dbada9366130d56b) Importer(815301076,1909f56bfc062723c751e8b465ee728b)  -> (artifact id: 'ffea597ceccad26a309fb1d3bfecd9c8') in 0.251267 seconds 
========================================================================
Received Import Request.
  Time since last request: 0.000291 seconds.
  path: Assets/Snow_mountain/Skybox/skybox_front.psd
  artifactKey: Guid(e816a17296a9d184ebfff0f3b41205ef) Importer(815301076,1909f56bfc062723c751e8b465ee728b)
Start importing Assets/Snow_mountain/Skybox/skybox_front.psd using Guid(e816a17296a9d184ebfff0f3b41205ef) Importer(815301076,1909f56bfc062723c751e8b465ee728b)  -> (artifact id: '813e9481aa7743e059189c3b47f26d7b') in 0.023758 seconds 
========================================================================
Received Import Request.
  Time since last request: 0.000270 seconds.
  path: Assets/Snow_mountain/Skybox/skybox_left.psd
  artifactKey: Guid(f6f3a44b2b12e9a45bc02ff2350c2873) Importer(815301076,1909f56bfc062723c751e8b465ee728b)
Start importing Assets/Snow_mountain/Skybox/skybox_left.psd using Guid(f6f3a44b2b12e9a45bc02ff2350c2873) Importer(815301076,1909f56bfc062723c751e8b465ee728b)  -> (artifact id: 'af96a3bd693e81c54a0da2c8eee93542') in 0.017600 seconds 
========================================================================
Received Import Request.
  Time since last request: 0.000297 seconds.
  path: Assets/Snow_mountain/Skybox/skybox_back.psd
  artifactKey: Guid(09485c71d5564f24f92d4244bc27b5fc) Importer(815301076,1909f56bfc062723c751e8b465ee728b)
Start importing Assets/Snow_mountain/Skybox/skybox_back.psd using Guid(09485c71d5564f24f92d4244bc27b5fc) Importer(815301076,1909f56bfc062723c751e8b465ee728b)  -> (artifact id: '22cb8bfdbb8c1b58fa98fa8f53863b29') in 0.101433 seconds 
========================================================================
Received Import Request.
  Time since last request: 0.000230 seconds.
  path: Assets/Snow_mountain/Skybox/skybox_down.psd
  artifactKey: Guid(1b733cade4c3ad644b02226637e1cd09) Importer(815301076,1909f56bfc062723c751e8b465ee728b)
Start importing Assets/Snow_mountain/Skybox/skybox_down.psd using Guid(1b733cade4c3ad644b02226637e1cd09) Importer(815301076,1909f56bfc062723c751e8b465ee728b)  -> (artifact id: '4348c5542f2e6ef706d1da5b03591e22') in 0.013574 seconds 
========================================================================
Received Import Request.
  Time since last request: 0.000434 seconds.
  path: Assets/Snow_mountain/Skybox/skybox_right.psd
  artifactKey: Guid(76cfeb5d9a2650144902a599ec509800) Importer(815301076,1909f56bfc062723c751e8b465ee728b)
Start importing Assets/Snow_mountain/Skybox/skybox_right.psd using Guid(76cfeb5d9a2650144902a599ec509800) Importer(815301076,1909f56bfc062723c751e8b465ee728b)  -> (artifact id: '1f4258edf12a0a2d0dff55ba70404c10') in 0.018267 seconds 
========================================================================
Received Import Request.
  Time since last request: 0.000266 seconds.
  path: Assets/Snow_mountain/Skybox/skybox_up.psd
  artifactKey: Guid(a6202455a7a564340b2dd1deb92aaa75) Importer(815301076,1909f56bfc062723c751e8b465ee728b)
Start importing Assets/Snow_mountain/Skybox/skybox_up.psd using Guid(a6202455a7a564340b2dd1deb92aaa75) Importer(815301076,1909f56bfc062723c751e8b465ee728b)  -> (artifact id: 'fc2c9394a0041669db06a7d33f5fcfcd') in 0.015645 seconds 
========================================================================
Received Import Request.
  Time since last request: 1.983205 seconds.
  path: Assets/Snow_mountain/snow_mountain
  artifactKey: Guid(ed0a9551537dcbd4dad402526e600440) Importer(815301076,1909f56bfc062723c751e8b465ee728b)
Start importing Assets/Snow_mountain/snow_mountain using Guid(ed0a9551537dcbd4dad402526e600440) Importer(815301076,1909f56bfc062723c751e8b465ee728b)  -> (artifact id: '5ff06bd7a3d48acb1afa64e4fa80097e') in 0.006618 seconds 
========================================================================
Received Import Request.
  Time since last request: 0.000298 seconds.
  path: Assets/Snow_mountain/snow_mountain/Snow_mountain.FBX
  artifactKey: Guid(41dc84019e9376b46908ba7afdd1d15e) Importer(815301076,1909f56bfc062723c751e8b465ee728b)
Start importing Assets/Snow_mountain/snow_mountain/Snow_mountain.FBX using Guid(41dc84019e9376b46908ba7afdd1d15e) Importer(815301076,1909f56bfc062723c751e8b465ee728b)  -> (artifact id: '80c5628175a599078d8a19ff7e7b1328') in 0.218879 seconds 
========================================================================
Received Import Request.
  Time since last request: 16.039391 seconds.
  path: Assets/Snow_mountain/snow_mountain/Textures
  artifactKey: Guid(07a6d98f6eb291d458b33dde5c6553d3) Importer(815301076,1909f56bfc062723c751e8b465ee728b)
Start importing Assets/Snow_mountain/snow_mountain/Textures using Guid(07a6d98f6eb291d458b33dde5c6553d3) Importer(815301076,1909f56bfc062723c751e8b465ee728b)  -> (artifact id: '7c3865d667c797102df09b69482e8f7b') in 0.008629 seconds 
========================================================================
Received Import Request.
  Time since last request: 0.245590 seconds.
  path: Assets/Snow_mountain/snow_mountain/Textures/cliff.bmp
  artifactKey: Guid(7a4af93871e53e0469842bbfd4f387d6) Importer(815301076,1909f56bfc062723c751e8b465ee728b)
Start importing Assets/Snow_mountain/snow_mountain/Textures/cliff.bmp using Guid(7a4af93871e53e0469842bbfd4f387d6) Importer(815301076,1909f56bfc062723c751e8b465ee728b)  -> (artifact id: '385cd78ffb321919d84f17f05e18b610') in 0.022047 seconds 
========================================================================
Received Import Request.
  Time since last request: 0.000276 seconds.
  path: Assets/Snow_mountain/snow_mountain/Textures/full2.bmp
  artifactKey: Guid(b5e27e7947ddac94fa502412c16f977a) Importer(815301076,1909f56bfc062723c751e8b465ee728b)
Start importing Assets/Snow_mountain/snow_mountain/Textures/full2.bmp using Guid(b5e27e7947ddac94fa502412c16f977a) Importer(815301076,1909f56bfc062723c751e8b465ee728b)  -> (artifact id: 'bbf23085429e0d0094bf205933bfbaf0') in 0.025243 seconds 
========================================================================
Received Import Request.
  Time since last request: 0.000204 seconds.
  path: Assets/Snow_mountain/snow_mountain/Textures/color.bmp
  artifactKey: Guid(5877e731e4b02b64fb783af32ac4e3ff) Importer(815301076,1909f56bfc062723c751e8b465ee728b)
Start importing Assets/Snow_mountain/snow_mountain/Textures/color.bmp using Guid(5877e731e4b02b64fb783af32ac4e3ff) Importer(815301076,1909f56bfc062723c751e8b465ee728b)  -> (artifact id: 'a67d1189ba87d6c50af62aaef8320cea') in 0.025509 seconds 
========================================================================
Received Import Request.
  Time since last request: 0.000197 seconds.
  path: Assets/Snow_mountain/snow_mountain/Textures/light.bmp
  artifactKey: Guid(c92da6b40cfbf4a42830e371effea9ba) Importer(815301076,1909f56bfc062723c751e8b465ee728b)
Start importing Assets/Snow_mountain/snow_mountain/Textures/light.bmp using Guid(c92da6b40cfbf4a42830e371effea9ba) Importer(815301076,1909f56bfc062723c751e8b465ee728b)  -> (artifact id: '74f06ef7860877603e742c98c48976db') in 0.032005 seconds 
========================================================================
Received Import Request.
  Time since last request: 0.000195 seconds.
  path: Assets/Snow_mountain/snow_mountain/Textures/flow.bmp
  artifactKey: Guid(3934eab70ec672f44a86a9a59abe5e3a) Importer(815301076,1909f56bfc062723c751e8b465ee728b)
Start importing Assets/Snow_mountain/snow_mountain/Textures/flow.bmp using Guid(3934eab70ec672f44a86a9a59abe5e3a) Importer(815301076,1909f56bfc062723c751e8b465ee728b)  -> (artifact id: 'e0be4847ca48339c6219fe13db6bda88') in 0.018444 seconds 
========================================================================
Received Import Request.
  Time since last request: 0.000205 seconds.
  path: Assets/Snow_mountain/snow_mountain/Textures/normal.bmp
  artifactKey: Guid(6d52adc336599df4d928c2de4d8f93f4) Importer(815301076,1909f56bfc062723c751e8b465ee728b)
Start importing Assets/Snow_mountain/snow_mountain/Textures/normal.bmp using Guid(6d52adc336599df4d928c2de4d8f93f4) Importer(815301076,1909f56bfc062723c751e8b465ee728b)  -> (artifact id: 'b012dae5bd2464418dab732831ce222d') in 0.025942 seconds 
========================================================================
Received Import Request.
  Time since last request: 0.000202 seconds.
  path: Assets/Snow_mountain/snow_mountain/Textures/snow.bmp
  artifactKey: Guid(6cf2e24d0cf44ed4394d3b8269596d60) Importer(815301076,1909f56bfc062723c751e8b465ee728b)
Start importing Assets/Snow_mountain/snow_mountain/Textures/snow.bmp using Guid(6cf2e24d0cf44ed4394d3b8269596d60) Importer(815301076,1909f56bfc062723c751e8b465ee728b)  -> (artifact id: '57207ca13a888a2d4961f2dca25f9d59') in 0.019051 seconds 
========================================================================
Received Import Request.
  Time since last request: 0.000209 seconds.
  path: Assets/Snow_mountain/snow_mountain/Textures/height.bmp
  artifactKey: Guid(7f1ed89065970354d964dab09923351b) Importer(815301076,1909f56bfc062723c751e8b465ee728b)
Start importing Assets/Snow_mountain/snow_mountain/Textures/height.bmp using Guid(7f1ed89065970354d964dab09923351b) Importer(815301076,1909f56bfc062723c751e8b465ee728b)  -> (artifact id: 'b5eead2d575f35c149446e477ccc0505') in 0.016014 seconds 
========================================================================
Received Import Request.
  Time since last request: 80.896443 seconds.
  path: Assets/Snow_mountain/snow_mountain/Materials
  artifactKey: Guid(14afee4d59de60e46a4d5db2a7ddfcce) Importer(815301076,1909f56bfc062723c751e8b465ee728b)
Start importing Assets/Snow_mountain/snow_mountain/Materials using Guid(14afee4d59de60e46a4d5db2a7ddfcce) Importer(815301076,1909f56bfc062723c751e8b465ee728b)  -> (artifact id: 'fdcea29ceecd06a3a5a6d62a81b41648') in 0.009413 seconds 
========================================================================
Received Import Request.
  Time since last request: 0.000229 seconds.
  path: Assets/Snow_mountain/snow_mountain/Materials/Snow_mountain_t1_2.mat
  artifactKey: Guid(68767cb0b84f2f646b8f841c92350840) Importer(815301076,1909f56bfc062723c751e8b465ee728b)
Start importing Assets/Snow_mountain/snow_mountain/Materials/Snow_mountain_t1_2.mat using Guid(68767cb0b84f2f646b8f841c92350840) Importer(815301076,1909f56bfc062723c751e8b465ee728b)  -> (artifact id: 'd20c2617d2be104830b9c02b9f4384e8') in 0.030104 seconds 
========================================================================
Received Import Request.
  Time since last request: 5.794177 seconds.
  path: Assets/rock_01
  artifactKey: Guid(c63f6b8c8f526304393c94462063b22b) Importer(815301076,1909f56bfc062723c751e8b465ee728b)
Start importing Assets/rock_01 using Guid(c63f6b8c8f526304393c94462063b22b) Importer(815301076,1909f56bfc062723c751e8b465ee728b)  -> (artifact id: '0d27e3b61695115162626f31ff58c445') in 0.008597 seconds 
========================================================================
Received Import Request.
  Time since last request: 0.054957 seconds.
  path: Assets/rock_01/rock_01.mat
  artifactKey: Guid(c8bfd1cfda4aa4a48ad75d920a9948c9) Importer(815301076,1909f56bfc062723c751e8b465ee728b)
Start importing Assets/rock_01/rock_01.mat using Guid(c8bfd1cfda4aa4a48ad75d920a9948c9) Importer(815301076,1909f56bfc062723c751e8b465ee728b)  -> (artifact id: 'dde41bdfc4eecd5acc7f0ae252dda7e4') in 0.349284 seconds 
========================================================================
Received Import Request.
  Time since last request: 0.000212 seconds.
  path: Assets/rock_01/rock_01_spec.tga
  artifactKey: Guid(b19a6df8780af77468f23753b5b17340) Importer(815301076,1909f56bfc062723c751e8b465ee728b)
Start importing Assets/rock_01/rock_01_spec.tga using Guid(b19a6df8780af77468f23753b5b17340) Importer(815301076,1909f56bfc062723c751e8b465ee728b)  -> (artifact id: 'ab61529e436dfc8054944e59d5e8c3ad') in 0.044393 seconds 
========================================================================
Received Import Request.
  Time since last request: 0.000248 seconds.
  path: Assets/rock_01/rock_01_nm.tga
  artifactKey: Guid(c7197270cf828fe4e9b52d7e978a5582) Importer(815301076,1909f56bfc062723c751e8b465ee728b)
Start importing Assets/rock_01/rock_01_nm.tga using Guid(c7197270cf828fe4e9b52d7e978a5582) Importer(815301076,1909f56bfc062723c751e8b465ee728b)  -> (artifact id: '2909623c4ac84d67f579d426295b3f8d') in 0.033243 seconds 
========================================================================
Received Import Request.
  Time since last request: 0.000263 seconds.
  path: Assets/rock_01/rock_01_hm.tga
  artifactKey: Guid(9e2f9c9f29d1a0842b144eba1f61b736) Importer(815301076,1909f56bfc062723c751e8b465ee728b)
Start importing Assets/rock_01/rock_01_hm.tga using Guid(9e2f9c9f29d1a0842b144eba1f61b736) Importer(815301076,1909f56bfc062723c751e8b465ee728b)  -> (artifact id: 'e05087f30e18fe7ac80a1696cd0735c6') in 0.026749 seconds 
========================================================================
Received Import Request.
  Time since last request: 0.000193 seconds.
  path: Assets/rock_01/rock_01_ao.tga
  artifactKey: Guid(4b3e816f4fd143041bfd381dc6a12f2f) Importer(815301076,1909f56bfc062723c751e8b465ee728b)
Start importing Assets/rock_01/rock_01_ao.tga using Guid(4b3e816f4fd143041bfd381dc6a12f2f) Importer(815301076,1909f56bfc062723c751e8b465ee728b)  -> (artifact id: '5634c19a55e00336216a8c581b4f8f01') in 0.065878 seconds 
========================================================================
Received Import Request.
  Time since last request: 0.000746 seconds.
  path: Assets/rock_01/rock_01_dif.tga
  artifactKey: Guid(a170b06388a656c4f90ecdf0f17ab23e) Importer(815301076,1909f56bfc062723c751e8b465ee728b)
Start importing Assets/rock_01/rock_01_dif.tga using Guid(a170b06388a656c4f90ecdf0f17ab23e) Importer(815301076,1909f56bfc062723c751e8b465ee728b)  -> (artifact id: '0c4778deb8dbab07102d9b4f8ce957fd') in 0.034612 seconds 
AssetImportWorkerClient::OnTransportError - code=2 error=End of file
